11-Apr-2021 21:16:12.315 INFO [main] org.apache.catalina.startup.VersionLoggerListener.log Server version name:   Apache Tomcat/8.5.64
11-Apr-2021 21:16:12.323 INFO [main] org.apache.catalina.startup.VersionLoggerListener.log Server built:          Mar 4 2021 23:14:16 UTC
11-Apr-2021 21:16:12.327 INFO [main] org.apache.catalina.startup.VersionLoggerListener.log Server version number: 8.5.64.0
11-Apr-2021 21:16:12.327 INFO [main] org.apache.catalina.startup.VersionLoggerListener.log OS Name:               Windows 7
11-Apr-2021 21:16:12.328 INFO [main] org.apache.catalina.startup.VersionLoggerListener.log OS Version:            6.1
11-Apr-2021 21:16:12.328 INFO [main] org.apache.catalina.startup.VersionLoggerListener.log Architecture:          amd64
11-Apr-2021 21:16:12.328 INFO [main] org.apache.catalina.startup.VersionLoggerListener.log Java Home:             C:\Program Files\Java\jdk1.8.0_261\jre
11-Apr-2021 21:16:12.329 INFO [main] org.apache.catalina.startup.VersionLoggerListener.log JVM Version:           1.8.0_261-b12
11-Apr-2021 21:16:12.329 INFO [main] org.apache.catalina.startup.VersionLoggerListener.log JVM Vendor:            Oracle Corporation
11-Apr-2021 21:16:12.329 INFO [main] org.apache.catalina.startup.VersionLoggerListener.log CATALINA_BASE:         D:\JavaWorkspace\Desktop_and_Web\Web\apache-tomcat-8.5.64
11-Apr-2021 21:16:12.329 INFO [main] org.apache.catalina.startup.VersionLoggerListener.log CATALINA_HOME:         D:\JavaWorkspace\Desktop_and_Web\Web\apache-tomcat-8.5.64
11-Apr-2021 21:16:12.332 INFO [main] org.apache.catalina.startup.VersionLoggerListener.log Command line argument: -Djava.util.logging.config.file=D:\JavaWorkspace\Desktop_and_Web\Web\apache-tomcat-8.5.64\conf\logging.properties
11-Apr-2021 21:16:12.332 INFO [main] org.apache.catalina.startup.VersionLoggerListener.log Command line argument: -Djava.util.logging.manager=org.apache.juli.ClassLoaderLogManager
11-Apr-2021 21:16:12.332 INFO [main] org.apache.catalina.startup.VersionLoggerListener.log Command line argument: -Dhttp.nonProxyHosts=localhost|127.0.0.1|User-PC
11-Apr-2021 21:16:12.332 INFO [main] org.apache.catalina.startup.VersionLoggerListener.log Command line argument: -Djdk.tls.ephemeralDHKeySize=2048
11-Apr-2021 21:16:12.333 INFO [main] org.apache.catalina.startup.VersionLoggerListener.log Command line argument: -Djava.protocol.handler.pkgs=org.apache.catalina.webresources
11-Apr-2021 21:16:12.333 INFO [main] org.apache.catalina.startup.VersionLoggerListener.log Command line argument: -Dignore.endorsed.dirs=
11-Apr-2021 21:16:12.333 INFO [main] org.apache.catalina.startup.VersionLoggerListener.log Command line argument: -Dcatalina.base=D:\JavaWorkspace\Desktop_and_Web\Web\apache-tomcat-8.5.64
11-Apr-2021 21:16:12.333 INFO [main] org.apache.catalina.startup.VersionLoggerListener.log Command line argument: -Dcatalina.home=D:\JavaWorkspace\Desktop_and_Web\Web\apache-tomcat-8.5.64
11-Apr-2021 21:16:12.333 INFO [main] org.apache.catalina.startup.VersionLoggerListener.log Command line argument: -Djava.io.tmpdir=D:\JavaWorkspace\Desktop_and_Web\Web\apache-tomcat-8.5.64\temp
11-Apr-2021 21:16:12.334 INFO [main] org.apache.catalina.core.AprLifecycleListener.lifecycleEvent Loaded Apache Tomcat Native library [1.2.26] using APR version [1.7.0].
11-Apr-2021 21:16:12.334 INFO [main] org.apache.catalina.core.AprLifecycleListener.lifecycleEvent APR capabilities: IPv6 [true], sendfile [true], accept filters [false], random [true].
11-Apr-2021 21:16:12.334 INFO [main] org.apache.catalina.core.AprLifecycleListener.lifecycleEvent APR/OpenSSL configuration: useAprConnector [false], useOpenSSL [true]
11-Apr-2021 21:16:12.387 INFO [main] org.apache.catalina.core.AprLifecycleListener.initializeSSL OpenSSL successfully initialized [OpenSSL 1.1.1i  8 Dec 2020]
11-Apr-2021 21:16:12.740 INFO [main] org.apache.coyote.AbstractProtocol.init Initializing ProtocolHandler ["http-nio-8080"]
11-Apr-2021 21:16:13.009 INFO [main] org.apache.tomcat.util.net.NioSelectorPool.getSharedSelector Using a shared selector for servlet write/read
11-Apr-2021 21:16:13.076 INFO [main] org.apache.catalina.startup.Catalina.load Initialization processed in 1992 ms
11-Apr-2021 21:16:13.201 INFO [main] org.apache.catalina.core.StandardService.startInternal Starting service [Catalina]
11-Apr-2021 21:16:13.201 INFO [main] org.apache.catalina.core.StandardEngine.startInternal Starting Servlet Engine: Apache Tomcat/8.5.64
11-Apr-2021 21:16:13.230 INFO [localhost-startStop-1] org.apache.catalina.startup.HostConfig.deployDirectory Deploying web application directory [D:\JavaWorkspace\Desktop_and_Web\Web\apache-tomcat-8.5.64\webapps\docs]
11-Apr-2021 21:16:14.003 INFO [localhost-startStop-1] org.apache.catalina.startup.HostConfig.deployDirectory Deployment of web application directory [D:\JavaWorkspace\Desktop_and_Web\Web\apache-tomcat-8.5.64\webapps\docs] has finished in [773] ms
11-Apr-2021 21:16:14.004 INFO [localhost-startStop-1] org.apache.catalina.startup.HostConfig.deployDirectory Deploying web application directory [D:\JavaWorkspace\Desktop_and_Web\Web\apache-tomcat-8.5.64\webapps\examples]
11-Apr-2021 21:16:15.777 INFO [localhost-startStop-1] org.apache.catalina.startup.HostConfig.deployDirectory Deployment of web application directory [D:\JavaWorkspace\Desktop_and_Web\Web\apache-tomcat-8.5.64\webapps\examples] has finished in [1,773] ms
11-Apr-2021 21:16:15.778 INFO [localhost-startStop-1] org.apache.catalina.startup.HostConfig.deployDirectory Deploying web application directory [D:\JavaWorkspace\Desktop_and_Web\Web\apache-tomcat-8.5.64\webapps\host-manager]
11-Apr-2021 21:16:15.892 INFO [localhost-startStop-1] org.apache.catalina.startup.HostConfig.deployDirectory Deployment of web application directory [D:\JavaWorkspace\Desktop_and_Web\Web\apache-tomcat-8.5.64\webapps\host-manager] has finished in [114] ms
11-Apr-2021 21:16:15.893 INFO [localhost-startStop-1] org.apache.catalina.startup.HostConfig.deployDirectory Deploying web application directory [D:\JavaWorkspace\Desktop_and_Web\Web\apache-tomcat-8.5.64\webapps\manager]
11-Apr-2021 21:16:15.978 INFO [localhost-startStop-1] org.apache.catalina.startup.HostConfig.deployDirectory Deployment of web application directory [D:\JavaWorkspace\Desktop_and_Web\Web\apache-tomcat-8.5.64\webapps\manager] has finished in [85] ms
11-Apr-2021 21:16:15.979 INFO [localhost-startStop-1] org.apache.catalina.startup.HostConfig.deployDirectory Deploying web application directory [D:\JavaWorkspace\Desktop_and_Web\Web\apache-tomcat-8.5.64\webapps\ROOT]
11-Apr-2021 21:16:16.077 INFO [localhost-startStop-1] org.apache.catalina.startup.HostConfig.deployDirectory Deployment of web application directory [D:\JavaWorkspace\Desktop_and_Web\Web\apache-tomcat-8.5.64\webapps\ROOT] has finished in [98] ms
11-Apr-2021 21:16:16.084 INFO [main] org.apache.coyote.AbstractProtocol.start Starting ProtocolHandler ["http-nio-8080"]
11-Apr-2021 21:16:16.134 INFO [main] org.apache.catalina.startup.Catalina.start Server startup in 3057 ms
11-Apr-2021 21:18:24.354 INFO [http-nio-8080-exec-7] org.apache.catalina.startup.HostConfig.deployDescriptor Deploying deployment descriptor [D:\JavaWorkspace\Desktop_and_Web\Web\apache-tomcat-8.5.64\conf\Catalina\localhost\FirstSoapLesson.xml]
11-Apr-2021 21:18:28.139 INFO [http-nio-8080-exec-7] org.apache.jasper.servlet.TldScanner.scanJars At least one JAR was scanned for TLDs yet contained no TLDs. Enable debug logging for this logger for a complete list of JARs that were scanned but no TLDs were found in them. Skipping unneeded JARs during scanning can improve startup time and JSP compilation time.
11-Apr-2021 21:18:36.015 INFO [http-nio-8080-exec-7] com.sun.xml.ws.server.MonitorBase.createRoot Metro monitoring rootname successfully set to: com.sun.metro:pp=/,type=WSEndpoint,name=/FirstSoapLesson-EducationService-EducationServicePort
11-Apr-2021 21:18:36.672 INFO [http-nio-8080-exec-7] com.sun.xml.ws.transport.http.servlet.WSServletDelegate.<init> WSSERVLET14: JAX-WS servlet initializing
11-Apr-2021 21:18:36.674 INFO [http-nio-8080-exec-7] com.sun.xml.ws.transport.http.servlet.WSServletContextListener.contextInitialized WSSERVLET12: JAX-WS context listener initializing
11-Apr-2021 21:18:36.674 INFO [http-nio-8080-exec-7] com.sun.xml.ws.transport.http.servlet.WSServletContextListener.contextInitialized WSSERVLET12: JAX-WS context listener initializing
11-Apr-2021 21:18:36.682 INFO [http-nio-8080-exec-7] org.apache.catalina.startup.HostConfig.deployDescriptor Deployment of deployment descriptor [D:\JavaWorkspace\Desktop_and_Web\Web\apache-tomcat-8.5.64\conf\Catalina\localhost\FirstSoapLesson.xml] has finished in [12,328] ms
11-Apr-2021 21:18:36.692 INFO [http-nio-8080-exec-6] org.apache.catalina.util.LifecycleBase.start The start() method was called on component [StandardEngine[Catalina].StandardHost[localhost].StandardContext[/FirstSoapLesson]] after start() had already been called. The second call will be ignored.
11-Apr-2021 21:35:20.779 SEVERE [http-nio-8080-exec-2] com.sun.xml.ws.server.sei.TieHandler.createResponse Not supported yet.
	java.lang.UnsupportedOperationException: Not supported yet.
		at com.company.ws.education.bean.User.<init>(User.java:25)
		at Education.EducationService.getUser(EducationService.java:29)
		at sun.reflect.NativeMethodAccessorImpl.invoke0(Native Method)
		at sun.reflect.NativeMethodAccessorImpl.invoke(NativeMethodAccessorImpl.java:62)
		at sun.reflect.DelegatingMethodAccessorImpl.invoke(DelegatingMethodAccessorImpl.java:43)
		at java.lang.reflect.Method.invoke(Method.java:498)
		at com.sun.xml.ws.api.server.InstanceResolver$1.invoke(InstanceResolver.java:250)
		at com.sun.xml.ws.server.InvokerTube$2.invoke(InvokerTube.java:149)
		at com.sun.xml.ws.server.sei.SEIInvokerTube.processRequest(SEIInvokerTube.java:88)
		at com.sun.xml.ws.api.pipe.Fiber.__doRun(Fiber.java:1136)
		at com.sun.xml.ws.api.pipe.Fiber._doRun(Fiber.java:1050)
		at com.sun.xml.ws.api.pipe.Fiber.doRun(Fiber.java:1019)
		at com.sun.xml.ws.api.pipe.Fiber.runSync(Fiber.java:877)
		at com.sun.xml.ws.server.WSEndpointImpl$2.process(WSEndpointImpl.java:420)
		at com.sun.xml.ws.transport.http.HttpAdapter$HttpToolkit.handle(HttpAdapter.java:687)
		at com.sun.xml.ws.transport.http.HttpAdapter.handle(HttpAdapter.java:266)
		at com.sun.xml.ws.transport.http.servlet.ServletAdapter.invokeAsync(ServletAdapter.java:225)
		at com.sun.xml.ws.transport.http.servlet.WSServletDelegate.doGet(WSServletDelegate.java:161)
		at com.sun.xml.ws.transport.http.servlet.WSServletDelegate.doPost(WSServletDelegate.java:197)
		at com.sun.xml.ws.transport.http.servlet.WSServlet.doPost(WSServlet.java:81)
		at javax.servlet.http.HttpServlet.service(HttpServlet.java:652)
		at javax.servlet.http.HttpServlet.service(HttpServlet.java:733)
		at org.apache.catalina.core.ApplicationFilterChain.internalDoFilter(ApplicationFilterChain.java:231)
		at org.apache.catalina.core.ApplicationFilterChain.doFilter(ApplicationFilterChain.java:166)
		at org.apache.tomcat.websocket.server.WsFilter.doFilter(WsFilter.java:52)
		at org.apache.catalina.core.ApplicationFilterChain.internalDoFilter(ApplicationFilterChain.java:193)
		at org.apache.catalina.core.ApplicationFilterChain.doFilter(ApplicationFilterChain.java:166)
		at org.apache.catalina.core.StandardWrapperValve.invoke(StandardWrapperValve.java:199)
		at org.apache.catalina.core.StandardContextValve.invoke(StandardContextValve.java:97)
		at org.apache.catalina.authenticator.AuthenticatorBase.invoke(AuthenticatorBase.java:544)
		at org.apache.catalina.core.StandardHostValve.invoke(StandardHostValve.java:143)
		at org.apache.catalina.valves.ErrorReportValve.invoke(ErrorReportValve.java:81)
		at org.apache.catalina.valves.AbstractAccessLogValve.invoke(AbstractAccessLogValve.java:698)
		at org.apache.catalina.core.StandardEngineValve.invoke(StandardEngineValve.java:78)
		at org.apache.catalina.connector.CoyoteAdapter.service(CoyoteAdapter.java:364)
		at org.apache.coyote.http11.Http11Processor.service(Http11Processor.java:616)
		at org.apache.coyote.AbstractProcessorLight.process(AbstractProcessorLight.java:65)
		at org.apache.coyote.AbstractProtocol$ConnectionHandler.process(AbstractProtocol.java:831)
		at org.apache.tomcat.util.net.NioEndpoint$SocketProcessor.doRun(NioEndpoint.java:1629)
		at org.apache.tomcat.util.net.SocketProcessorBase.run(SocketProcessorBase.java:49)
		at java.util.concurrent.ThreadPoolExecutor.runWorker(ThreadPoolExecutor.java:1149)
		at java.util.concurrent.ThreadPoolExecutor$Worker.run(ThreadPoolExecutor.java:624)
		at org.apache.tomcat.util.threads.TaskThread$WrappingRunnable.run(TaskThread.java:61)
		at java.lang.Thread.run(Thread.java:748)
11-Apr-2021 21:37:37.151 INFO [http-nio-8080-exec-9] com.sun.xml.ws.transport.http.servlet.WSServletDelegate.destroy WSSERVLET15: JAX-WS servlet destroyed
11-Apr-2021 21:37:37.180 INFO [http-nio-8080-exec-9] com.sun.xml.ws.server.WSEndpointImpl.closeManagedObjectManager Closing Metro monitoring root: com.sun.metro:pp=/,type=WSEndpoint,name=/FirstSoapLesson-EducationService-EducationServicePort
11-Apr-2021 21:37:37.185 INFO [http-nio-8080-exec-9] com.sun.xml.ws.transport.http.servlet.WSServletContextListener.contextDestroyed WSSERVLET13: JAX-WS context listener destroyed
11-Apr-2021 21:37:37.186 INFO [http-nio-8080-exec-9] com.sun.xml.ws.transport.http.servlet.WSServletContextListener.contextDestroyed WSSERVLET13: JAX-WS context listener destroyed
11-Apr-2021 21:37:37.251 SEVERE [http-nio-8080-exec-9] org.apache.catalina.loader.WebappClassLoaderBase.checkThreadLocalMapForLeaks The web application [FirstSoapLesson] created a ThreadLocal with key of type [com.sun.xml.ws.api.server.ThreadLocalContainerResolver$1] (value [com.sun.xml.ws.api.server.ThreadLocalContainerResolver$1@7da42af8]) and a value of type [com.sun.xml.ws.api.server.Container.NoneContainer] (value [com.sun.xml.ws.api.server.Container$NoneContainer@5681e6a5]) but failed to remove it when the web application was stopped. Threads are going to be renewed over time to try and avoid a probable memory leak.
11-Apr-2021 21:37:37.253 SEVERE [http-nio-8080-exec-9] org.apache.catalina.loader.WebappClassLoaderBase.checkThreadLocalMapForLeaks The web application [FirstSoapLesson] created a ThreadLocal with key of type [com.sun.xml.ws.api.server.ThreadLocalContainerResolver$1] (value [com.sun.xml.ws.api.server.ThreadLocalContainerResolver$1@7da42af8]) and a value of type [com.sun.xml.ws.api.server.Container.NoneContainer] (value [com.sun.xml.ws.api.server.Container$NoneContainer@5681e6a5]) but failed to remove it when the web application was stopped. Threads are going to be renewed over time to try and avoid a probable memory leak.
11-Apr-2021 21:37:37.817 INFO [http-nio-8080-exec-9] org.apache.catalina.startup.HostConfig.undeploy Undeploying context [/FirstSoapLesson]
11-Apr-2021 21:37:37.869 INFO [http-nio-8080-exec-5] org.apache.catalina.startup.HostConfig.deployDescriptor Deploying deployment descriptor [D:\JavaWorkspace\Desktop_and_Web\Web\apache-tomcat-8.5.64\conf\Catalina\localhost\FirstSoapLesson.xml]
11-Apr-2021 21:37:42.138 INFO [http-nio-8080-exec-5] org.apache.jasper.servlet.TldScanner.scanJars At least one JAR was scanned for TLDs yet contained no TLDs. Enable debug logging for this logger for a complete list of JARs that were scanned but no TLDs were found in them. Skipping unneeded JARs during scanning can improve startup time and JSP compilation time.
11-Apr-2021 21:37:47.855 INFO [http-nio-8080-exec-5] com.sun.xml.ws.server.MonitorBase.createRoot Metro monitoring rootname successfully set to: com.sun.metro:pp=/,type=WSEndpoint,name=/FirstSoapLesson-EducationService-EducationServicePort
11-Apr-2021 21:37:48.324 INFO [http-nio-8080-exec-5] com.sun.xml.ws.transport.http.servlet.WSServletDelegate.<init> WSSERVLET14: JAX-WS servlet initializing
11-Apr-2021 21:37:48.325 INFO [http-nio-8080-exec-5] com.sun.xml.ws.transport.http.servlet.WSServletContextListener.contextInitialized WSSERVLET12: JAX-WS context listener initializing
11-Apr-2021 21:37:48.325 INFO [http-nio-8080-exec-5] com.sun.xml.ws.transport.http.servlet.WSServletContextListener.contextInitialized WSSERVLET12: JAX-WS context listener initializing
11-Apr-2021 21:37:48.332 INFO [http-nio-8080-exec-5] org.apache.catalina.startup.HostConfig.deployDescriptor Deployment of deployment descriptor [D:\JavaWorkspace\Desktop_and_Web\Web\apache-tomcat-8.5.64\conf\Catalina\localhost\FirstSoapLesson.xml] has finished in [10,464] ms
11-Apr-2021 21:37:48.339 INFO [http-nio-8080-exec-5] org.apache.catalina.core.StandardContext.reload Reloading Context with name [/FirstSoapLesson] has started
11-Apr-2021 21:37:48.340 INFO [http-nio-8080-exec-5] com.sun.xml.ws.transport.http.servlet.WSServletDelegate.destroy WSSERVLET15: JAX-WS servlet destroyed
11-Apr-2021 21:37:48.346 INFO [http-nio-8080-exec-5] com.sun.xml.ws.server.WSEndpointImpl.closeManagedObjectManager Closing Metro monitoring root: com.sun.metro:pp=/,type=WSEndpoint,name=/FirstSoapLesson-EducationService-EducationServicePort
11-Apr-2021 21:37:48.349 INFO [http-nio-8080-exec-5] com.sun.xml.ws.transport.http.servlet.WSServletContextListener.contextDestroyed WSSERVLET13: JAX-WS context listener destroyed
11-Apr-2021 21:37:48.349 INFO [http-nio-8080-exec-5] com.sun.xml.ws.transport.http.servlet.WSServletContextListener.contextDestroyed WSSERVLET13: JAX-WS context listener destroyed
11-Apr-2021 21:37:48.355 SEVERE [http-nio-8080-exec-5] org.apache.catalina.loader.WebappClassLoaderBase.checkThreadLocalMapForLeaks The web application [FirstSoapLesson] created a ThreadLocal with key of type [com.sun.xml.ws.api.server.ThreadLocalContainerResolver$1] (value [com.sun.xml.ws.api.server.ThreadLocalContainerResolver$1@29909542]) and a value of type [com.sun.xml.ws.api.server.Container.NoneContainer] (value [com.sun.xml.ws.api.server.Container$NoneContainer@77529e0b]) but failed to remove it when the web application was stopped. Threads are going to be renewed over time to try and avoid a probable memory leak.
11-Apr-2021 21:37:51.842 INFO [http-nio-8080-exec-5] org.apache.jasper.servlet.TldScanner.scanJars At least one JAR was scanned for TLDs yet contained no TLDs. Enable debug logging for this logger for a complete list of JARs that were scanned but no TLDs were found in them. Skipping unneeded JARs during scanning can improve startup time and JSP compilation time.
11-Apr-2021 21:37:59.268 INFO [http-nio-8080-exec-5] com.sun.xml.ws.server.MonitorBase.createRoot Metro monitoring rootname successfully set to: com.sun.metro:pp=/,type=WSEndpoint,name=/FirstSoapLesson-EducationService-EducationServicePort
11-Apr-2021 21:37:59.752 INFO [http-nio-8080-exec-5] com.sun.xml.ws.transport.http.servlet.WSServletDelegate.<init> WSSERVLET14: JAX-WS servlet initializing
11-Apr-2021 21:37:59.753 INFO [http-nio-8080-exec-5] com.sun.xml.ws.transport.http.servlet.WSServletContextListener.contextInitialized WSSERVLET12: JAX-WS context listener initializing
11-Apr-2021 21:37:59.753 INFO [http-nio-8080-exec-5] com.sun.xml.ws.transport.http.servlet.WSServletContextListener.contextInitialized WSSERVLET12: JAX-WS context listener initializing
11-Apr-2021 21:37:59.757 INFO [http-nio-8080-exec-5] org.apache.catalina.core.StandardContext.reload Reloading Context with name [/FirstSoapLesson] is completed
11-Apr-2021 21:37:59.790 INFO [http-nio-8080-exec-7] org.apache.catalina.util.LifecycleBase.start The start() method was called on component [StandardEngine[Catalina].StandardHost[localhost].StandardContext[/FirstSoapLesson]] after start() had already been called. The second call will be ignored.
11-Apr-2021 21:38:51.173 SEVERE [http-nio-8080-exec-12] com.sun.xml.ws.transport.http.servlet.WSServletDelegate.doGet caught throwable
	java.lang.NullPointerException
		at com.company.ws.education.bean.User.getId(User.java:29)
		at com.company.ws.education.bean.User$JaxbAccessorM_getId_setId_int.get(MethodAccessor_Integer.java:59)
		at com.sun.xml.bind.v2.runtime.property.SingleElementNodeProperty.serializeBody(SingleElementNodeProperty.java:133)
		at com.sun.xml.bind.v2.runtime.ClassBeanInfoImpl.serializeBody(ClassBeanInfoImpl.java:361)
		at com.sun.xml.bind.v2.runtime.XMLSerializer.childAsXsiType(XMLSerializer.java:696)
		at com.sun.xml.bind.v2.runtime.property.SingleElementNodeProperty.serializeBody(SingleElementNodeProperty.java:158)
		at com.sun.xml.bind.v2.runtime.ClassBeanInfoImpl.serializeBody(ClassBeanInfoImpl.java:361)
		at com.sun.xml.bind.v2.runtime.XMLSerializer.childAsXsiType(XMLSerializer.java:696)
		at com.sun.xml.bind.v2.runtime.MarshallerImpl.write(MarshallerImpl.java:271)
		at com.sun.xml.bind.v2.runtime.BridgeImpl.marshal(BridgeImpl.java:104)
		at com.sun.xml.bind.api.Bridge.marshal(Bridge.java:145)
		at com.sun.xml.ws.db.glassfish.BridgeWrapper.marshal(BridgeWrapper.java:176)
		at com.sun.xml.ws.message.jaxb.JAXBMessage.writePayloadTo(JAXBMessage.java:403)
		at com.sun.xml.ws.message.AbstractMessageImpl.writeTo(AbstractMessageImpl.java:155)
		at com.sun.xml.ws.api.message.MessageWrapper.writeTo(MessageWrapper.java:230)
		at com.sun.xml.ws.encoding.StreamSOAPCodec.encode(StreamSOAPCodec.java:134)
		at com.sun.xml.ws.encoding.SOAPBindingCodec.encode(SOAPBindingCodec.java:242)
		at com.sun.xml.ws.transport.http.HttpAdapter.encodePacket(HttpAdapter.java:464)
		at com.sun.xml.ws.transport.http.HttpAdapter.access$100(HttpAdapter.java:101)
		at com.sun.xml.ws.transport.http.HttpAdapter$HttpToolkit.handle(HttpAdapter.java:697)
		at com.sun.xml.ws.transport.http.HttpAdapter.handle(HttpAdapter.java:266)
		at com.sun.xml.ws.transport.http.servlet.ServletAdapter.invokeAsync(ServletAdapter.java:225)
		at com.sun.xml.ws.transport.http.servlet.WSServletDelegate.doGet(WSServletDelegate.java:161)
		at com.sun.xml.ws.transport.http.servlet.WSServletDelegate.doPost(WSServletDelegate.java:197)
		at com.sun.xml.ws.transport.http.servlet.WSServlet.doPost(WSServlet.java:81)
		at javax.servlet.http.HttpServlet.service(HttpServlet.java:652)
		at javax.servlet.http.HttpServlet.service(HttpServlet.java:733)
		at org.apache.catalina.core.ApplicationFilterChain.internalDoFilter(ApplicationFilterChain.java:231)
		at org.apache.catalina.core.ApplicationFilterChain.doFilter(ApplicationFilterChain.java:166)
		at org.apache.tomcat.websocket.server.WsFilter.doFilter(WsFilter.java:52)
		at org.apache.catalina.core.ApplicationFilterChain.internalDoFilter(ApplicationFilterChain.java:193)
		at org.apache.catalina.core.ApplicationFilterChain.doFilter(ApplicationFilterChain.java:166)
		at org.apache.catalina.core.StandardWrapperValve.invoke(StandardWrapperValve.java:199)
		at org.apache.catalina.core.StandardContextValve.invoke(StandardContextValve.java:97)
		at org.apache.catalina.authenticator.AuthenticatorBase.invoke(AuthenticatorBase.java:544)
		at org.apache.catalina.core.StandardHostValve.invoke(StandardHostValve.java:143)
		at org.apache.catalina.valves.ErrorReportValve.invoke(ErrorReportValve.java:81)
		at org.apache.catalina.valves.AbstractAccessLogValve.invoke(AbstractAccessLogValve.java:698)
		at org.apache.catalina.core.StandardEngineValve.invoke(StandardEngineValve.java:78)
		at org.apache.catalina.connector.CoyoteAdapter.service(CoyoteAdapter.java:364)
		at org.apache.coyote.http11.Http11Processor.service(Http11Processor.java:616)
		at org.apache.coyote.AbstractProcessorLight.process(AbstractProcessorLight.java:65)
		at org.apache.coyote.AbstractProtocol$ConnectionHandler.process(AbstractProtocol.java:831)
		at org.apache.tomcat.util.net.NioEndpoint$SocketProcessor.doRun(NioEndpoint.java:1629)
		at org.apache.tomcat.util.net.SocketProcessorBase.run(SocketProcessorBase.java:49)
		at java.util.concurrent.ThreadPoolExecutor.runWorker(ThreadPoolExecutor.java:1149)
		at java.util.concurrent.ThreadPoolExecutor$Worker.run(ThreadPoolExecutor.java:624)
		at org.apache.tomcat.util.threads.TaskThread$WrappingRunnable.run(TaskThread.java:61)
		at java.lang.Thread.run(Thread.java:748)
11-Apr-2021 21:39:29.800 INFO [http-nio-8080-exec-2] com.sun.xml.ws.transport.http.servlet.WSServletDelegate.destroy WSSERVLET15: JAX-WS servlet destroyed
11-Apr-2021 21:39:29.808 INFO [http-nio-8080-exec-2] com.sun.xml.ws.server.WSEndpointImpl.closeManagedObjectManager Closing Metro monitoring root: com.sun.metro:pp=/,type=WSEndpoint,name=/FirstSoapLesson-EducationService-EducationServicePort
11-Apr-2021 21:39:29.811 INFO [http-nio-8080-exec-2] com.sun.xml.ws.transport.http.servlet.WSServletContextListener.contextDestroyed WSSERVLET13: JAX-WS context listener destroyed
11-Apr-2021 21:39:29.812 INFO [http-nio-8080-exec-2] com.sun.xml.ws.transport.http.servlet.WSServletContextListener.contextDestroyed WSSERVLET13: JAX-WS context listener destroyed
11-Apr-2021 21:39:29.817 SEVERE [http-nio-8080-exec-2] org.apache.catalina.loader.WebappClassLoaderBase.checkThreadLocalMapForLeaks The web application [FirstSoapLesson] created a ThreadLocal with key of type [com.sun.xml.ws.api.server.ThreadLocalContainerResolver$1] (value [com.sun.xml.ws.api.server.ThreadLocalContainerResolver$1@2a07c928]) and a value of type [com.sun.xml.ws.api.server.Container.NoneContainer] (value [com.sun.xml.ws.api.server.Container$NoneContainer@19c72495]) but failed to remove it when the web application was stopped. Threads are going to be renewed over time to try and avoid a probable memory leak.
11-Apr-2021 21:39:30.323 INFO [http-nio-8080-exec-2] org.apache.catalina.startup.HostConfig.undeploy Undeploying context [/FirstSoapLesson]
11-Apr-2021 21:39:51.815 INFO [http-nio-8080-exec-18] org.apache.catalina.startup.HostConfig.deployDescriptor Deploying deployment descriptor [D:\JavaWorkspace\Desktop_and_Web\Web\apache-tomcat-8.5.64\conf\Catalina\localhost\FirstSoapLesson.xml]
11-Apr-2021 21:39:54.437 INFO [http-nio-8080-exec-18] org.apache.jasper.servlet.TldScanner.scanJars At least one JAR was scanned for TLDs yet contained no TLDs. Enable debug logging for this logger for a complete list of JARs that were scanned but no TLDs were found in them. Skipping unneeded JARs during scanning can improve startup time and JSP compilation time.
11-Apr-2021 21:39:59.896 INFO [http-nio-8080-exec-18] com.sun.xml.ws.server.MonitorBase.createRoot Metro monitoring rootname successfully set to: com.sun.metro:pp=/,type=WSEndpoint,name=/FirstSoapLesson-EducationService-EducationServicePort
11-Apr-2021 21:40:00.386 INFO [40] com.sun.xml.ws.transport.http.servlet.WSServletDelegate.<init> WSSERVLET14: JAX-WS servlet initializing
11-Apr-2021 21:40:00.390 INFO [40] com.sun.xml.ws.transport.http.servlet.WSServletContextListener.contextInitialized WSSERVLET12: JAX-WS context listener initializing
11-Apr-2021 21:40:00.390 INFO [40] com.sun.xml.ws.transport.http.servlet.WSServletContextListener.contextInitialized WSSERVLET12: JAX-WS context listener initializing
11-Apr-2021 21:40:00.399 INFO [40] org.apache.catalina.startup.HostConfig.deployDescriptor Deployment of deployment descriptor [D:\JavaWorkspace\Desktop_and_Web\Web\apache-tomcat-8.5.64\conf\Catalina\localhost\FirstSoapLesson.xml] has finished in [8,584] ms
11-Apr-2021 21:40:00.417 INFO [http-nio-8080-exec-14] org.apache.catalina.util.LifecycleBase.start The start() method was called on component [StandardEngine[Catalina].StandardHost[localhost].StandardContext[/FirstSoapLesson]] after start() had already been called. The second call will be ignored.
11-Apr-2021 21:40:38.527 SEVERE [http-nio-8080-exec-17] com.sun.xml.ws.transport.http.servlet.WSServletDelegate.doGet caught throwable
	java.lang.NullPointerException
		at com.company.ws.education.bean.User.getId(User.java:29)
		at com.company.ws.education.bean.User$JaxbAccessorM_getId_setId_int.get(MethodAccessor_Integer.java:59)
		at com.sun.xml.bind.v2.runtime.property.SingleElementNodeProperty.serializeBody(SingleElementNodeProperty.java:133)
		at com.sun.xml.bind.v2.runtime.ClassBeanInfoImpl.serializeBody(ClassBeanInfoImpl.java:361)
		at com.sun.xml.bind.v2.runtime.XMLSerializer.childAsXsiType(XMLSerializer.java:696)
		at com.sun.xml.bind.v2.runtime.property.SingleElementNodeProperty.serializeBody(SingleElementNodeProperty.java:158)
		at com.sun.xml.bind.v2.runtime.ClassBeanInfoImpl.serializeBody(ClassBeanInfoImpl.java:361)
		at com.sun.xml.bind.v2.runtime.XMLSerializer.childAsXsiType(XMLSerializer.java:696)
		at com.sun.xml.bind.v2.runtime.MarshallerImpl.write(MarshallerImpl.java:271)
		at com.sun.xml.bind.v2.runtime.BridgeImpl.marshal(BridgeImpl.java:104)
		at com.sun.xml.bind.api.Bridge.marshal(Bridge.java:145)
		at com.sun.xml.ws.db.glassfish.BridgeWrapper.marshal(BridgeWrapper.java:176)
		at com.sun.xml.ws.message.jaxb.JAXBMessage.writePayloadTo(JAXBMessage.java:403)
		at com.sun.xml.ws.message.AbstractMessageImpl.writeTo(AbstractMessageImpl.java:155)
		at com.sun.xml.ws.api.message.MessageWrapper.writeTo(MessageWrapper.java:230)
		at com.sun.xml.ws.encoding.StreamSOAPCodec.encode(StreamSOAPCodec.java:134)
		at com.sun.xml.ws.encoding.SOAPBindingCodec.encode(SOAPBindingCodec.java:242)
		at com.sun.xml.ws.transport.http.HttpAdapter.encodePacket(HttpAdapter.java:464)
		at com.sun.xml.ws.transport.http.HttpAdapter.access$100(HttpAdapter.java:101)
		at com.sun.xml.ws.transport.http.HttpAdapter$HttpToolkit.handle(HttpAdapter.java:697)
		at com.sun.xml.ws.transport.http.HttpAdapter.handle(HttpAdapter.java:266)
		at com.sun.xml.ws.transport.http.servlet.ServletAdapter.invokeAsync(ServletAdapter.java:225)
		at com.sun.xml.ws.transport.http.servlet.WSServletDelegate.doGet(WSServletDelegate.java:161)
		at com.sun.xml.ws.transport.http.servlet.WSServletDelegate.doPost(WSServletDelegate.java:197)
		at com.sun.xml.ws.transport.http.servlet.WSServlet.doPost(WSServlet.java:81)
		at javax.servlet.http.HttpServlet.service(HttpServlet.java:652)
		at javax.servlet.http.HttpServlet.service(HttpServlet.java:733)
		at org.apache.catalina.core.ApplicationFilterChain.internalDoFilter(ApplicationFilterChain.java:231)
		at org.apache.catalina.core.ApplicationFilterChain.doFilter(ApplicationFilterChain.java:166)
		at org.apache.tomcat.websocket.server.WsFilter.doFilter(WsFilter.java:52)
		at org.apache.catalina.core.ApplicationFilterChain.internalDoFilter(ApplicationFilterChain.java:193)
		at org.apache.catalina.core.ApplicationFilterChain.doFilter(ApplicationFilterChain.java:166)
		at org.apache.catalina.core.StandardWrapperValve.invoke(StandardWrapperValve.java:199)
		at org.apache.catalina.core.StandardContextValve.invoke(StandardContextValve.java:97)
		at org.apache.catalina.authenticator.AuthenticatorBase.invoke(AuthenticatorBase.java:544)
		at org.apache.catalina.core.StandardHostValve.invoke(StandardHostValve.java:143)
		at org.apache.catalina.valves.ErrorReportValve.invoke(ErrorReportValve.java:81)
		at org.apache.catalina.valves.AbstractAccessLogValve.invoke(AbstractAccessLogValve.java:698)
		at org.apache.catalina.core.StandardEngineValve.invoke(StandardEngineValve.java:78)
		at org.apache.catalina.connector.CoyoteAdapter.service(CoyoteAdapter.java:364)
		at org.apache.coyote.http11.Http11Processor.service(Http11Processor.java:616)
		at org.apache.coyote.AbstractProcessorLight.process(AbstractProcessorLight.java:65)
		at org.apache.coyote.AbstractProtocol$ConnectionHandler.process(AbstractProtocol.java:831)
		at org.apache.tomcat.util.net.NioEndpoint$SocketProcessor.doRun(NioEndpoint.java:1629)
		at org.apache.tomcat.util.net.SocketProcessorBase.run(SocketProcessorBase.java:49)
		at java.util.concurrent.ThreadPoolExecutor.runWorker(ThreadPoolExecutor.java:1149)
		at java.util.concurrent.ThreadPoolExecutor$Worker.run(ThreadPoolExecutor.java:624)
		at org.apache.tomcat.util.threads.TaskThread$WrappingRunnable.run(TaskThread.java:61)
		at java.lang.Thread.run(Thread.java:748)
11-Apr-2021 21:43:33.745 SEVERE [http-nio-8080-exec-25] com.sun.xml.ws.transport.http.servlet.WSServletDelegate.doGet caught throwable
	java.lang.NullPointerException
		at com.company.ws.education.bean.User.getId(User.java:29)
		at com.company.ws.education.bean.User$JaxbAccessorM_getId_setId_int.get(MethodAccessor_Integer.java:59)
		at com.sun.xml.bind.v2.runtime.property.SingleElementNodeProperty.serializeBody(SingleElementNodeProperty.java:133)
		at com.sun.xml.bind.v2.runtime.ClassBeanInfoImpl.serializeBody(ClassBeanInfoImpl.java:361)
		at com.sun.xml.bind.v2.runtime.XMLSerializer.childAsXsiType(XMLSerializer.java:696)
		at com.sun.xml.bind.v2.runtime.property.SingleElementNodeProperty.serializeBody(SingleElementNodeProperty.java:158)
		at com.sun.xml.bind.v2.runtime.ClassBeanInfoImpl.serializeBody(ClassBeanInfoImpl.java:361)
		at com.sun.xml.bind.v2.runtime.XMLSerializer.childAsXsiType(XMLSerializer.java:696)
		at com.sun.xml.bind.v2.runtime.MarshallerImpl.write(MarshallerImpl.java:271)
		at com.sun.xml.bind.v2.runtime.BridgeImpl.marshal(BridgeImpl.java:104)
		at com.sun.xml.bind.api.Bridge.marshal(Bridge.java:145)
		at com.sun.xml.ws.db.glassfish.BridgeWrapper.marshal(BridgeWrapper.java:176)
		at com.sun.xml.ws.message.jaxb.JAXBMessage.writePayloadTo(JAXBMessage.java:403)
		at com.sun.xml.ws.message.AbstractMessageImpl.writeTo(AbstractMessageImpl.java:155)
		at com.sun.xml.ws.api.message.MessageWrapper.writeTo(MessageWrapper.java:230)
		at com.sun.xml.ws.encoding.StreamSOAPCodec.encode(StreamSOAPCodec.java:134)
		at com.sun.xml.ws.encoding.SOAPBindingCodec.encode(SOAPBindingCodec.java:242)
		at com.sun.xml.ws.transport.http.HttpAdapter.encodePacket(HttpAdapter.java:464)
		at com.sun.xml.ws.transport.http.HttpAdapter.access$100(HttpAdapter.java:101)
		at com.sun.xml.ws.transport.http.HttpAdapter$HttpToolkit.handle(HttpAdapter.java:697)
		at com.sun.xml.ws.transport.http.HttpAdapter.handle(HttpAdapter.java:266)
		at com.sun.xml.ws.transport.http.servlet.ServletAdapter.invokeAsync(ServletAdapter.java:225)
		at com.sun.xml.ws.transport.http.servlet.WSServletDelegate.doGet(WSServletDelegate.java:161)
		at com.sun.xml.ws.transport.http.servlet.WSServletDelegate.doPost(WSServletDelegate.java:197)
		at com.sun.xml.ws.transport.http.servlet.WSServlet.doPost(WSServlet.java:81)
		at javax.servlet.http.HttpServlet.service(HttpServlet.java:652)
		at javax.servlet.http.HttpServlet.service(HttpServlet.java:733)
		at org.apache.catalina.core.ApplicationFilterChain.internalDoFilter(ApplicationFilterChain.java:231)
		at org.apache.catalina.core.ApplicationFilterChain.doFilter(ApplicationFilterChain.java:166)
		at org.apache.tomcat.websocket.server.WsFilter.doFilter(WsFilter.java:52)
		at org.apache.catalina.core.ApplicationFilterChain.internalDoFilter(ApplicationFilterChain.java:193)
		at org.apache.catalina.core.ApplicationFilterChain.doFilter(ApplicationFilterChain.java:166)
		at org.apache.catalina.core.StandardWrapperValve.invoke(StandardWrapperValve.java:199)
		at org.apache.catalina.core.StandardContextValve.invoke(StandardContextValve.java:97)
		at org.apache.catalina.authenticator.AuthenticatorBase.invoke(AuthenticatorBase.java:544)
		at org.apache.catalina.core.StandardHostValve.invoke(StandardHostValve.java:143)
		at org.apache.catalina.valves.ErrorReportValve.invoke(ErrorReportValve.java:81)
		at org.apache.catalina.valves.AbstractAccessLogValve.invoke(AbstractAccessLogValve.java:698)
		at org.apache.catalina.core.StandardEngineValve.invoke(StandardEngineValve.java:78)
		at org.apache.catalina.connector.CoyoteAdapter.service(CoyoteAdapter.java:364)
		at org.apache.coyote.http11.Http11Processor.service(Http11Processor.java:616)
		at org.apache.coyote.AbstractProcessorLight.process(AbstractProcessorLight.java:65)
		at org.apache.coyote.AbstractProtocol$ConnectionHandler.process(AbstractProtocol.java:831)
		at org.apache.tomcat.util.net.NioEndpoint$SocketProcessor.doRun(NioEndpoint.java:1629)
		at org.apache.tomcat.util.net.SocketProcessorBase.run(SocketProcessorBase.java:49)
		at java.util.concurrent.ThreadPoolExecutor.runWorker(ThreadPoolExecutor.java:1149)
		at java.util.concurrent.ThreadPoolExecutor$Worker.run(ThreadPoolExecutor.java:624)
		at org.apache.tomcat.util.threads.TaskThread$WrappingRunnable.run(TaskThread.java:61)
		at java.lang.Thread.run(Thread.java:748)
11-Apr-2021 21:44:45.499 INFO [http-nio-8080-exec-19] org.apache.catalina.core.StandardContext.reload Reloading Context with name [/FirstSoapLesson] has started
11-Apr-2021 21:44:45.502 INFO [http-nio-8080-exec-19] com.sun.xml.ws.transport.http.servlet.WSServletDelegate.destroy WSSERVLET15: JAX-WS servlet destroyed
11-Apr-2021 21:44:45.512 INFO [http-nio-8080-exec-19] com.sun.xml.ws.server.WSEndpointImpl.closeManagedObjectManager Closing Metro monitoring root: com.sun.metro:pp=/,type=WSEndpoint,name=/FirstSoapLesson-EducationService-EducationServicePort
11-Apr-2021 21:44:45.515 INFO [http-nio-8080-exec-19] com.sun.xml.ws.transport.http.servlet.WSServletContextListener.contextDestroyed WSSERVLET13: JAX-WS context listener destroyed
11-Apr-2021 21:44:45.516 INFO [http-nio-8080-exec-19] com.sun.xml.ws.transport.http.servlet.WSServletContextListener.contextDestroyed WSSERVLET13: JAX-WS context listener destroyed
11-Apr-2021 21:44:45.528 SEVERE [http-nio-8080-exec-19] org.apache.catalina.loader.WebappClassLoaderBase.checkThreadLocalMapForLeaks The web application [FirstSoapLesson] created a ThreadLocal with key of type [com.sun.xml.ws.api.server.ThreadLocalContainerResolver$1] (value [com.sun.xml.ws.api.server.ThreadLocalContainerResolver$1@531bcb4e]) and a value of type [com.sun.xml.ws.api.server.Container.NoneContainer] (value [com.sun.xml.ws.api.server.Container$NoneContainer@6b897fb9]) but failed to remove it when the web application was stopped. Threads are going to be renewed over time to try and avoid a probable memory leak.
11-Apr-2021 21:44:48.972 INFO [http-nio-8080-exec-19] org.apache.jasper.servlet.TldScanner.scanJars At least one JAR was scanned for TLDs yet contained no TLDs. Enable debug logging for this logger for a complete list of JARs that were scanned but no TLDs were found in them. Skipping unneeded JARs during scanning can improve startup time and JSP compilation time.
11-Apr-2021 21:44:55.391 INFO [http-nio-8080-exec-19] com.sun.xml.ws.server.MonitorBase.createRoot Metro monitoring rootname successfully set to: com.sun.metro:pp=/,type=WSEndpoint,name=/FirstSoapLesson-EducationService-EducationServicePort
11-Apr-2021 21:44:55.897 INFO [41] com.sun.xml.ws.transport.http.servlet.WSServletDelegate.<init> WSSERVLET14: JAX-WS servlet initializing
11-Apr-2021 21:44:55.898 INFO [41] com.sun.xml.ws.transport.http.servlet.WSServletContextListener.contextInitialized WSSERVLET12: JAX-WS context listener initializing
11-Apr-2021 21:44:55.898 INFO [41] com.sun.xml.ws.transport.http.servlet.WSServletContextListener.contextInitialized WSSERVLET12: JAX-WS context listener initializing
11-Apr-2021 21:44:55.904 INFO [41] org.apache.catalina.core.StandardContext.reload Reloading Context with name [/FirstSoapLesson] is completed
11-Apr-2021 21:45:12.734 INFO [http-nio-8080-exec-23] org.apache.catalina.core.StandardContext.reload Reloading Context with name [/FirstSoapLesson] has started
11-Apr-2021 21:45:12.737 INFO [http-nio-8080-exec-23] com.sun.xml.ws.transport.http.servlet.WSServletDelegate.destroy WSSERVLET15: JAX-WS servlet destroyed
11-Apr-2021 21:45:12.744 INFO [http-nio-8080-exec-23] com.sun.xml.ws.server.WSEndpointImpl.closeManagedObjectManager Closing Metro monitoring root: com.sun.metro:pp=/,type=WSEndpoint,name=/FirstSoapLesson-EducationService-EducationServicePort
11-Apr-2021 21:45:12.746 INFO [http-nio-8080-exec-23] com.sun.xml.ws.transport.http.servlet.WSServletContextListener.contextDestroyed WSSERVLET13: JAX-WS context listener destroyed
11-Apr-2021 21:45:12.746 INFO [http-nio-8080-exec-23] com.sun.xml.ws.transport.http.servlet.WSServletContextListener.contextDestroyed WSSERVLET13: JAX-WS context listener destroyed
11-Apr-2021 21:45:15.430 INFO [http-nio-8080-exec-23] org.apache.jasper.servlet.TldScanner.scanJars At least one JAR was scanned for TLDs yet contained no TLDs. Enable debug logging for this logger for a complete list of JARs that were scanned but no TLDs were found in them. Skipping unneeded JARs during scanning can improve startup time and JSP compilation time.
11-Apr-2021 21:45:20.242 INFO [http-nio-8080-exec-23] com.sun.xml.ws.server.MonitorBase.createRoot Metro monitoring rootname successfully set to: com.sun.metro:pp=/,type=WSEndpoint,name=/FirstSoapLesson-EducationService-EducationServicePort
11-Apr-2021 21:45:20.712 INFO [http-nio-8080-exec-23] com.sun.xml.ws.transport.http.servlet.WSServletDelegate.<init> WSSERVLET14: JAX-WS servlet initializing
11-Apr-2021 21:45:20.713 INFO [http-nio-8080-exec-23] com.sun.xml.ws.transport.http.servlet.WSServletContextListener.contextInitialized WSSERVLET12: JAX-WS context listener initializing
11-Apr-2021 21:45:20.713 INFO [http-nio-8080-exec-23] com.sun.xml.ws.transport.http.servlet.WSServletContextListener.contextInitialized WSSERVLET12: JAX-WS context listener initializing
11-Apr-2021 21:45:20.721 INFO [http-nio-8080-exec-23] org.apache.catalina.core.StandardContext.reload Reloading Context with name [/FirstSoapLesson] is completed
11-Apr-2021 21:46:26.709 INFO [http-nio-8080-exec-26] org.apache.catalina.core.StandardContext.reload Reloading Context with name [/FirstSoapLesson] has started
11-Apr-2021 21:46:26.712 INFO [http-nio-8080-exec-26] com.sun.xml.ws.transport.http.servlet.WSServletDelegate.destroy WSSERVLET15: JAX-WS servlet destroyed
11-Apr-2021 21:46:26.719 INFO [http-nio-8080-exec-26] com.sun.xml.ws.server.WSEndpointImpl.closeManagedObjectManager Closing Metro monitoring root: com.sun.metro:pp=/,type=WSEndpoint,name=/FirstSoapLesson-EducationService-EducationServicePort
11-Apr-2021 21:46:26.722 INFO [http-nio-8080-exec-26] com.sun.xml.ws.transport.http.servlet.WSServletContextListener.contextDestroyed WSSERVLET13: JAX-WS context listener destroyed
11-Apr-2021 21:46:26.723 INFO [http-nio-8080-exec-26] com.sun.xml.ws.transport.http.servlet.WSServletContextListener.contextDestroyed WSSERVLET13: JAX-WS context listener destroyed
11-Apr-2021 21:46:30.676 INFO [http-nio-8080-exec-26] org.apache.jasper.servlet.TldScanner.scanJars At least one JAR was scanned for TLDs yet contained no TLDs. Enable debug logging for this logger for a complete list of JARs that were scanned but no TLDs were found in them. Skipping unneeded JARs during scanning can improve startup time and JSP compilation time.
11-Apr-2021 21:46:38.932 INFO [http-nio-8080-exec-26] com.sun.xml.ws.server.MonitorBase.createRoot Metro monitoring rootname successfully set to: com.sun.metro:pp=/,type=WSEndpoint,name=/FirstSoapLesson-EducationService-EducationServicePort
11-Apr-2021 21:46:39.387 INFO [http-nio-8080-exec-26] com.sun.xml.ws.transport.http.servlet.WSServletDelegate.<init> WSSERVLET14: JAX-WS servlet initializing
11-Apr-2021 21:46:39.388 INFO [http-nio-8080-exec-26] com.sun.xml.ws.transport.http.servlet.WSServletContextListener.contextInitialized WSSERVLET12: JAX-WS context listener initializing
11-Apr-2021 21:46:39.388 INFO [http-nio-8080-exec-26] com.sun.xml.ws.transport.http.servlet.WSServletContextListener.contextInitialized WSSERVLET12: JAX-WS context listener initializing
11-Apr-2021 21:46:39.394 INFO [48] org.apache.catalina.core.StandardContext.reload Reloading Context with name [/FirstSoapLesson] is completed
11-Apr-2021 21:46:58.324 INFO [http-nio-8080-exec-25] com.sun.xml.ws.transport.http.servlet.WSServletDelegate.destroy WSSERVLET15: JAX-WS servlet destroyed
11-Apr-2021 21:46:58.338 INFO [http-nio-8080-exec-25] com.sun.xml.ws.server.WSEndpointImpl.closeManagedObjectManager Closing Metro monitoring root: com.sun.metro:pp=/,type=WSEndpoint,name=/FirstSoapLesson-EducationService-EducationServicePort
11-Apr-2021 21:46:58.341 INFO [http-nio-8080-exec-25] com.sun.xml.ws.transport.http.servlet.WSServletContextListener.contextDestroyed WSSERVLET13: JAX-WS context listener destroyed
11-Apr-2021 21:46:58.341 INFO [http-nio-8080-exec-25] com.sun.xml.ws.transport.http.servlet.WSServletContextListener.contextDestroyed WSSERVLET13: JAX-WS context listener destroyed
11-Apr-2021 21:46:58.345 SEVERE [http-nio-8080-exec-25] org.apache.catalina.loader.WebappClassLoaderBase.checkThreadLocalMapForLeaks The web application [FirstSoapLesson] created a ThreadLocal with key of type [com.sun.xml.ws.api.server.ThreadLocalContainerResolver$1] (value [com.sun.xml.ws.api.server.ThreadLocalContainerResolver$1@15a4eb9b]) and a value of type [com.sun.xml.ws.api.server.Container.NoneContainer] (value [com.sun.xml.ws.api.server.Container$NoneContainer@697ba92]) but failed to remove it when the web application was stopped. Threads are going to be renewed over time to try and avoid a probable memory leak.
11-Apr-2021 21:46:58.848 INFO [http-nio-8080-exec-25] org.apache.catalina.startup.HostConfig.undeploy Undeploying context [/FirstSoapLesson]
11-Apr-2021 21:48:08.398 INFO [http-nio-8080-exec-21] org.apache.catalina.startup.HostConfig.deployDescriptor Deploying deployment descriptor [D:\JavaWorkspace\Desktop_and_Web\Web\apache-tomcat-8.5.64\conf\Catalina\localhost\FirstSoapLesson.xml]
11-Apr-2021 21:48:10.685 INFO [http-nio-8080-exec-21] org.apache.jasper.servlet.TldScanner.scanJars At least one JAR was scanned for TLDs yet contained no TLDs. Enable debug logging for this logger for a complete list of JARs that were scanned but no TLDs were found in them. Skipping unneeded JARs during scanning can improve startup time and JSP compilation time.
11-Apr-2021 21:48:16.058 INFO [http-nio-8080-exec-21] com.sun.xml.ws.server.MonitorBase.createRoot Metro monitoring rootname successfully set to: com.sun.metro:pp=/,type=WSEndpoint,name=/FirstSoapLesson-EducationService-EducationServicePort
11-Apr-2021 21:48:16.619 INFO [http-nio-8080-exec-21] com.sun.xml.ws.transport.http.servlet.WSServletDelegate.<init> WSSERVLET14: JAX-WS servlet initializing
11-Apr-2021 21:48:16.619 INFO [http-nio-8080-exec-21] com.sun.xml.ws.transport.http.servlet.WSServletContextListener.contextInitialized WSSERVLET12: JAX-WS context listener initializing
11-Apr-2021 21:48:16.620 INFO [http-nio-8080-exec-21] com.sun.xml.ws.transport.http.servlet.WSServletContextListener.contextInitialized WSSERVLET12: JAX-WS context listener initializing
11-Apr-2021 21:48:16.641 INFO [43] org.apache.catalina.startup.HostConfig.deployDescriptor Deployment of deployment descriptor [D:\JavaWorkspace\Desktop_and_Web\Web\apache-tomcat-8.5.64\conf\Catalina\localhost\FirstSoapLesson.xml] has finished in [8,243] ms
11-Apr-2021 21:48:16.691 INFO [http-nio-8080-exec-29] org.apache.catalina.util.LifecycleBase.start The start() method was called on component [StandardEngine[Catalina].StandardHost[localhost].StandardContext[/FirstSoapLesson]] after start() had already been called. The second call will be ignored.
